<?xml version="1.0" encoding="UTF-8"?>
<!-- Generated by org.testng.reporters.JUnitReportReporter -->
<testsuite skipped="0" hostname="DESKTOP-4JBAKI8" name="servicenow.ResolveIncident" tests="1" failures="0" timestamp="05 Jul 2019 16:14:11 GMT" time="49.348" errors="0">
  <testcase name="resolveIncident" time="49.348" classname="servicenow.ResolveIncident"/>
</testsuite> <!-- servicenow.ResolveIncident -->
