<?xml version="1.0" encoding="UTF-8"?>
<!-- Generated by org.testng.reporters.JUnitReportReporter -->
<testsuite skipped="0" hostname="DESKTOP-4JBAKI8" name="classroom.WebInteractions" tests="1" failures="0" timestamp="30 Jun 2019 04:14:50 GMT" time="8.391" errors="0">
  <testcase name="interacWithWeb" time="8.391" classname="classroom.WebInteractions"/>
</testsuite> <!-- classroom.WebInteractions -->
