<?xml version="1.0" encoding="UTF-8"?>
<!-- Generated by org.testng.reporters.JUnitReportReporter -->
<testsuite skipped="0" hostname="DESKTOP-4JBAKI8" name="classroom.deletethis" tests="1" failures="0" timestamp="29 Jun 2019 12:19:28 GMT" time="7.986" errors="0">
  <testcase name="interactWithElements" time="7.986" classname="classroom.deletethis"/>
</testsuite> <!-- classroom.deletethis -->
