<?xml version="1.0" encoding="UTF-8"?>
<!-- Generated by org.testng.reporters.JUnitReportReporter -->
<testsuite skipped="0" hostname="DESKTOP-4JBAKI8" name="classroom.WebDriverTest" tests="1" failures="0" timestamp="29 Jun 2019 00:18:16 GMT" time="10.930" errors="0">
  <testcase name="openBrowser" time="10.930" classname="classroom.WebDriverTest"/>
</testsuite> <!-- classroom.WebDriverTest -->
