<?xml version="1.0" encoding="UTF-8"?>
<!-- Generated by org.testng.reporters.JUnitReportReporter -->
<testsuite skipped="0" hostname="DESKTOP-4JBAKI8" name="servicenow.DeleteIncident" tests="1" failures="0" timestamp="05 Jul 2019 16:10:19 GMT" time="51.686" errors="0">
  <testcase name="deleteIncident" time="51.686" classname="servicenow.DeleteIncident"/>
</testsuite> <!-- servicenow.DeleteIncident -->
