<?xml version="1.0" encoding="UTF-8"?>
<!-- Generated by org.testng.reporters.JUnitReportReporter -->
<testsuite skipped="0" hostname="DESKTOP-4JBAKI8" name="classroom.AmazonTestCase" tests="1" failures="0" timestamp="29 Jun 2019 04:42:58 GMT" time="21.776" errors="0">
  <testcase name="searchIphone" time="21.776" classname="classroom.AmazonTestCase"/>
</testsuite> <!-- classroom.AmazonTestCase -->
